2023-06-30 19:22:13,681 [Worker-2: Loading available Gradle versions] INFO  o.e.b.c.i.u.g.PublishedGradleVersions - Gradle version information cache is up-to-date. Trying to read.
2023-06-30 19:22:40,405 [Worker-12: Importing Maven projects] INFO  o.e.m.c.i.l.LifecycleMappingFactory - Using org.eclipse.m2e.jdt.JarLifecycleMapping lifecycle mapping for MavenProject: com.examen:proyecto:0.0.1-SNAPSHOT @ C:\Users\Fray Luis\Desktop\sts\sts-4.18.1.RELEASE\evf\proyecto\proyecto\pom.xml.
2023-06-30 19:22:42,479 [Worker-12: Importing Maven projects] INFO  o.e.m.j.i.AbstractJavaProjectConfigurator - Adding source folder /proyecto/src/main/java
2023-06-30 19:22:42,480 [Worker-12: Importing Maven projects] INFO  o.e.m.j.i.AbstractJavaProjectConfigurator - Adding resource folder /proyecto/src/main/resources
2023-06-30 19:22:42,507 [Worker-12: Importing Maven projects] INFO  o.e.m.j.i.AbstractJavaProjectConfigurator - Adding resource folder /proyecto/src/main/resources
2023-06-30 19:22:42,515 [Worker-12: Importing Maven projects] INFO  o.e.m.j.i.AbstractJavaProjectConfigurator - Adding source folder /proyecto/src/test/java
2023-06-30 19:22:45,205 [Worker-12: Importing Maven projects] INFO  o.e.m.c.i.p.ProjectConfigurationManager - Imported and configured 1 project(s) in 6 sec
2023-06-30 19:22:45,448 [Worker-3: Updating Maven Project] INFO  o.e.m.c.i.p.ProjectConfigurationManager - Update started
2023-06-30 19:22:46,068 [Worker-3: Updating Maven Project] INFO  o.e.m.c.i.l.LifecycleMappingFactory - Using org.eclipse.m2e.jdt.JarLifecycleMapping lifecycle mapping for MavenProject: com.examen:proyecto:0.0.1-SNAPSHOT @ C:\Users\Fray Luis\Desktop\sts\sts-4.18.1.RELEASE\evf\proyecto\proyecto\pom.xml.
2023-06-30 19:22:47,268 [Worker-3: Updating Maven Project] INFO  o.e.m.j.i.AbstractJavaProjectConfigurator - Adding source folder /proyecto/src/main/java
2023-06-30 19:22:47,269 [Worker-3: Updating Maven Project] INFO  o.e.m.j.i.AbstractJavaProjectConfigurator - Adding resource folder /proyecto/src/main/resources
2023-06-30 19:22:47,270 [Worker-3: Updating Maven Project] INFO  o.e.m.j.i.AbstractJavaProjectConfigurator - Adding resource folder /proyecto/src/main/resources
2023-06-30 19:22:47,272 [Worker-3: Updating Maven Project] INFO  o.e.m.j.i.AbstractJavaProjectConfigurator - Adding source folder /proyecto/src/test/java
2023-06-30 19:22:48,390 [Worker-3: Updating Maven Project] INFO  o.e.m.c.i.p.ProjectConfigurationManager - Update completed for 1 poms: local refresh takes 0.00 sec, refresh facades takes 1.00 sec, update config takes 0.00 sec 
2023-06-30 19:22:49,177 [Worker-13: Building] INFO  o.a.m.s.f.DefaultMavenResourcesFiltering - Copying 1 resource from src\main\resources to target\classes
2023-06-30 19:22:49,206 [Worker-13: Building] INFO  o.a.m.s.f.DefaultMavenResourcesFiltering - Copying 0 resource from src\main\resources to target\classes
2023-06-30 19:22:49,214 [Worker-13: Building] INFO  o.a.m.s.f.DefaultMavenResourcesFiltering - skip non existing resourceDirectory C:\Users\Fray Luis\Desktop\sts\sts-4.18.1.RELEASE\evf\proyecto\proyecto\src\test\resources
2023-06-30 19:24:05,154 [Worker-1: Building] INFO  o.a.m.s.f.DefaultMavenResourcesFiltering - Copying 1 resource from src\main\resources to target\classes
2023-06-30 19:24:05,181 [Worker-1: Building] INFO  o.a.m.s.f.DefaultMavenResourcesFiltering - Copying 0 resource from src\main\resources to target\classes
2023-06-30 19:24:05,189 [Worker-1: Building] INFO  o.a.m.s.f.DefaultMavenResourcesFiltering - skip non existing resourceDirectory C:\Users\Fray Luis\Desktop\sts\sts-4.18.1.RELEASE\evf\proyecto\proyecto\src\test\resources
2023-06-30 19:24:24,137 [Worker-13: Building] INFO  o.a.m.s.f.DefaultMavenResourcesFiltering - Copying 1 resource from src\main\resources to target\classes
2023-06-30 19:24:24,160 [Worker-13: Building] INFO  o.a.m.s.f.DefaultMavenResourcesFiltering - Copying 0 resource from src\main\resources to target\classes
2023-06-30 19:24:24,169 [Worker-13: Building] INFO  o.a.m.s.f.DefaultMavenResourcesFiltering - skip non existing resourceDirectory C:\Users\Fray Luis\Desktop\sts\sts-4.18.1.RELEASE\evf\proyecto\proyecto\src\test\resources
2023-06-30 19:24:36,102 [Worker-2: Building] INFO  o.a.m.s.f.DefaultMavenResourcesFiltering - Copying 1 resource from src\main\resources to target\classes
2023-06-30 19:24:36,126 [Worker-2: Building] INFO  o.a.m.s.f.DefaultMavenResourcesFiltering - Copying 0 resource from src\main\resources to target\classes
2023-06-30 19:24:36,135 [Worker-2: Building] INFO  o.a.m.s.f.DefaultMavenResourcesFiltering - skip non existing resourceDirectory C:\Users\Fray Luis\Desktop\sts\sts-4.18.1.RELEASE\evf\proyecto\proyecto\src\test\resources
2023-06-30 19:24:50,848 [Worker-9: Building] INFO  o.a.m.s.f.DefaultMavenResourcesFiltering - Copying 1 resource from src\main\resources to target\classes
2023-06-30 19:24:50,868 [Worker-9: Building] INFO  o.a.m.s.f.DefaultMavenResourcesFiltering - Copying 0 resource from src\main\resources to target\classes
2023-06-30 19:24:50,875 [Worker-9: Building] INFO  o.a.m.s.f.DefaultMavenResourcesFiltering - skip non existing resourceDirectory C:\Users\Fray Luis\Desktop\sts\sts-4.18.1.RELEASE\evf\proyecto\proyecto\src\test\resources
2023-06-30 19:25:37,872 [Worker-4: Building] INFO  o.a.m.s.f.DefaultMavenResourcesFiltering - Copying 1 resource from src\main\resources to target\classes
2023-06-30 19:25:37,890 [Worker-4: Building] INFO  o.a.m.s.f.DefaultMavenResourcesFiltering - Copying 0 resource from src\main\resources to target\classes
2023-06-30 19:25:37,898 [Worker-4: Building] INFO  o.a.m.s.f.DefaultMavenResourcesFiltering - skip non existing resourceDirectory C:\Users\Fray Luis\Desktop\sts\sts-4.18.1.RELEASE\evf\proyecto\proyecto\src\test\resources
2023-06-30 19:48:19,103 [Worker-11: Building] INFO  o.a.m.s.f.DefaultMavenResourcesFiltering - Copying 1 resource from src\main\resources to target\classes
2023-06-30 19:48:19,121 [Worker-11: Building] INFO  o.a.m.s.f.DefaultMavenResourcesFiltering - Copying 0 resource from src\main\resources to target\classes
2023-06-30 19:48:19,129 [Worker-11: Building] INFO  o.a.m.s.f.DefaultMavenResourcesFiltering - skip non existing resourceDirectory C:\Users\Fray Luis\Desktop\sts\sts-4.18.1.RELEASE\evf\proyecto\proyecto\src\test\resources
2023-06-30 19:48:49,075 [Worker-5: Building] INFO  o.a.m.s.f.DefaultMavenResourcesFiltering - Copying 1 resource from src\main\resources to target\classes
2023-06-30 19:48:49,089 [Worker-5: Building] INFO  o.a.m.s.f.DefaultMavenResourcesFiltering - Copying 0 resource from src\main\resources to target\classes
2023-06-30 19:48:49,101 [Worker-5: Building] INFO  o.a.m.s.f.DefaultMavenResourcesFiltering - skip non existing resourceDirectory C:\Users\Fray Luis\Desktop\sts\sts-4.18.1.RELEASE\evf\proyecto\proyecto\src\test\resources
2023-06-30 19:48:52,983 [Worker-5: Building] INFO  o.a.m.s.f.DefaultMavenResourcesFiltering - Copying 1 resource from src\main\resources to target\classes
2023-06-30 19:48:52,997 [Worker-5: Building] INFO  o.a.m.s.f.DefaultMavenResourcesFiltering - Copying 0 resource from src\main\resources to target\classes
2023-06-30 19:48:53,003 [Worker-5: Building] INFO  o.a.m.s.f.DefaultMavenResourcesFiltering - skip non existing resourceDirectory C:\Users\Fray Luis\Desktop\sts\sts-4.18.1.RELEASE\evf\proyecto\proyecto\src\test\resources
2023-06-30 19:48:55,756 [Worker-11: Building] INFO  o.a.m.s.f.DefaultMavenResourcesFiltering - Copying 1 resource from src\main\resources to target\classes
2023-06-30 19:48:55,769 [Worker-11: Building] INFO  o.a.m.s.f.DefaultMavenResourcesFiltering - Copying 0 resource from src\main\resources to target\classes
2023-06-30 19:48:55,775 [Worker-11: Building] INFO  o.a.m.s.f.DefaultMavenResourcesFiltering - skip non existing resourceDirectory C:\Users\Fray Luis\Desktop\sts\sts-4.18.1.RELEASE\evf\proyecto\proyecto\src\test\resources
2023-06-30 19:48:58,334 [Worker-5: Building] INFO  o.a.m.s.f.DefaultMavenResourcesFiltering - Copying 1 resource from src\main\resources to target\classes
2023-06-30 19:48:58,347 [Worker-5: Building] INFO  o.a.m.s.f.DefaultMavenResourcesFiltering - Copying 0 resource from src\main\resources to target\classes
2023-06-30 19:48:58,352 [Worker-5: Building] INFO  o.a.m.s.f.DefaultMavenResourcesFiltering - skip non existing resourceDirectory C:\Users\Fray Luis\Desktop\sts\sts-4.18.1.RELEASE\evf\proyecto\proyecto\src\test\resources
2023-06-30 19:49:01,033 [Worker-19: Building] INFO  o.a.m.s.f.DefaultMavenResourcesFiltering - Copying 1 resource from src\main\resources to target\classes
2023-06-30 19:49:01,048 [Worker-19: Building] INFO  o.a.m.s.f.DefaultMavenResourcesFiltering - Copying 0 resource from src\main\resources to target\classes
2023-06-30 19:49:01,053 [Worker-19: Building] INFO  o.a.m.s.f.DefaultMavenResourcesFiltering - skip non existing resourceDirectory C:\Users\Fray Luis\Desktop\sts\sts-4.18.1.RELEASE\evf\proyecto\proyecto\src\test\resources
2023-06-30 19:49:03,682 [Worker-18: Building] INFO  o.a.m.s.f.DefaultMavenResourcesFiltering - Copying 1 resource from src\main\resources to target\classes
2023-06-30 19:49:03,698 [Worker-18: Building] INFO  o.a.m.s.f.DefaultMavenResourcesFiltering - Copying 0 resource from src\main\resources to target\classes
2023-06-30 19:49:03,705 [Worker-18: Building] INFO  o.a.m.s.f.DefaultMavenResourcesFiltering - skip non existing resourceDirectory C:\Users\Fray Luis\Desktop\sts\sts-4.18.1.RELEASE\evf\proyecto\proyecto\src\test\resources
2023-06-30 19:49:22,238 [Worker-17: Building] INFO  o.a.m.s.f.DefaultMavenResourcesFiltering - Copying 1 resource from src\main\resources to target\classes
2023-06-30 19:49:22,254 [Worker-17: Building] INFO  o.a.m.s.f.DefaultMavenResourcesFiltering - Copying 0 resource from src\main\resources to target\classes
2023-06-30 19:49:22,259 [Worker-17: Building] INFO  o.a.m.s.f.DefaultMavenResourcesFiltering - skip non existing resourceDirectory C:\Users\Fray Luis\Desktop\sts\sts-4.18.1.RELEASE\evf\proyecto\proyecto\src\test\resources
2023-06-30 19:49:37,096 [Start Help Server] INFO  org.eclipse.jetty.server.Server - jetty-10.0.13; built: 2022-12-07T20:13:20.134Z; git: 1c2636ea05c0ca8de1ffd6ca7f3a98ac084c766d; jvm 17.0.7+7
2023-06-30 19:49:37,137 [Start Help Server] INFO  o.e.j.s.s.DefaultSessionIdManager - Session workerName=node0
2023-06-30 19:49:37,187 [Start Help Server] INFO  o.e.j.server.handler.ContextHandler - Started o.e.j.s.ServletContextHandler@b9c9244{/help,null,AVAILABLE}
2023-06-30 19:49:37,254 [Start Help Server] INFO  o.e.jetty.server.AbstractConnector - Started ServerConnector@47918841{HTTP/1.1, (http/1.1)}{127.0.0.1:53452}
2023-06-30 19:49:37,259 [Start Help Server] INFO  org.eclipse.jetty.server.Server - Started Server@7703a5df{STARTING}[10.0.13,sto=0] @1674741ms
2023-06-30 19:50:40,686 [Worker-18: Building] INFO  o.a.m.s.f.DefaultMavenResourcesFiltering - Copying 1 resource from src\main\resources to target\classes
2023-06-30 19:50:40,703 [Worker-18: Building] INFO  o.a.m.s.f.DefaultMavenResourcesFiltering - Copying 0 resource from src\main\resources to target\classes
2023-06-30 19:50:40,710 [Worker-18: Building] INFO  o.a.m.s.f.DefaultMavenResourcesFiltering - skip non existing resourceDirectory C:\Users\Fray Luis\Desktop\sts\sts-4.18.1.RELEASE\evf\proyecto\proyecto\src\test\resources
2023-06-30 19:51:46,160 [Worker-5: Building] INFO  o.a.m.s.f.DefaultMavenResourcesFiltering - Copying 1 resource from src\main\resources to target\classes
2023-06-30 19:51:46,176 [Worker-5: Building] INFO  o.a.m.s.f.DefaultMavenResourcesFiltering - Copying 0 resource from src\main\resources to target\classes
2023-06-30 19:51:46,185 [Worker-5: Building] INFO  o.a.m.s.f.DefaultMavenResourcesFiltering - skip non existing resourceDirectory C:\Users\Fray Luis\Desktop\sts\sts-4.18.1.RELEASE\evf\proyecto\proyecto\src\test\resources
2023-06-30 19:52:58,381 [Worker-16: Building] INFO  o.a.m.s.f.DefaultMavenResourcesFiltering - Copying 1 resource from src\main\resources to target\classes
2023-06-30 19:52:58,397 [Worker-16: Building] INFO  o.a.m.s.f.DefaultMavenResourcesFiltering - Copying 0 resource from src\main\resources to target\classes
2023-06-30 19:52:58,404 [Worker-16: Building] INFO  o.a.m.s.f.DefaultMavenResourcesFiltering - skip non existing resourceDirectory C:\Users\Fray Luis\Desktop\sts\sts-4.18.1.RELEASE\evf\proyecto\proyecto\src\test\resources
2023-06-30 19:53:01,846 [Worker-11: Building] INFO  o.a.m.s.f.DefaultMavenResourcesFiltering - Copying 1 resource from src\main\resources to target\classes
2023-06-30 19:53:01,859 [Worker-11: Building] INFO  o.a.m.s.f.DefaultMavenResourcesFiltering - Copying 0 resource from src\main\resources to target\classes
2023-06-30 19:53:01,866 [Worker-11: Building] INFO  o.a.m.s.f.DefaultMavenResourcesFiltering - skip non existing resourceDirectory C:\Users\Fray Luis\Desktop\sts\sts-4.18.1.RELEASE\evf\proyecto\proyecto\src\test\resources
2023-06-30 19:53:06,080 [Worker-5: Building] INFO  o.a.m.s.f.DefaultMavenResourcesFiltering - Copying 1 resource from src\main\resources to target\classes
2023-06-30 19:53:06,095 [Worker-5: Building] INFO  o.a.m.s.f.DefaultMavenResourcesFiltering - Copying 0 resource from src\main\resources to target\classes
2023-06-30 19:53:06,101 [Worker-5: Building] INFO  o.a.m.s.f.DefaultMavenResourcesFiltering - skip non existing resourceDirectory C:\Users\Fray Luis\Desktop\sts\sts-4.18.1.RELEASE\evf\proyecto\proyecto\src\test\resources
2023-06-30 19:53:26,779 [Worker-5: Building] INFO  o.a.m.s.f.DefaultMavenResourcesFiltering - Copying 1 resource from src\main\resources to target\classes
2023-06-30 19:53:26,795 [Worker-5: Building] INFO  o.a.m.s.f.DefaultMavenResourcesFiltering - Copying 0 resource from src\main\resources to target\classes
2023-06-30 19:53:26,802 [Worker-5: Building] INFO  o.a.m.s.f.DefaultMavenResourcesFiltering - skip non existing resourceDirectory C:\Users\Fray Luis\Desktop\sts\sts-4.18.1.RELEASE\evf\proyecto\proyecto\src\test\resources
2023-06-30 19:54:34,546 [Worker-11: Building] INFO  o.a.m.s.f.DefaultMavenResourcesFiltering - Copying 1 resource from src\main\resources to target\classes
2023-06-30 19:54:34,560 [Worker-11: Building] INFO  o.a.m.s.f.DefaultMavenResourcesFiltering - Copying 0 resource from src\main\resources to target\classes
2023-06-30 19:54:34,565 [Worker-11: Building] INFO  o.a.m.s.f.DefaultMavenResourcesFiltering - skip non existing resourceDirectory C:\Users\Fray Luis\Desktop\sts\sts-4.18.1.RELEASE\evf\proyecto\proyecto\src\test\resources
2023-06-30 19:54:57,258 [Worker-17: Building] INFO  o.a.m.s.f.DefaultMavenResourcesFiltering - Copying 1 resource from src\main\resources to target\classes
2023-06-30 19:54:57,273 [Worker-17: Building] INFO  o.a.m.s.f.DefaultMavenResourcesFiltering - Copying 0 resource from src\main\resources to target\classes
2023-06-30 19:54:57,279 [Worker-17: Building] INFO  o.a.m.s.f.DefaultMavenResourcesFiltering - skip non existing resourceDirectory C:\Users\Fray Luis\Desktop\sts\sts-4.18.1.RELEASE\evf\proyecto\proyecto\src\test\resources
2023-06-30 19:58:16,641 [Worker-21: Building] INFO  o.a.m.s.f.DefaultMavenResourcesFiltering - Copying 1 resource from src\main\resources to target\classes
2023-06-30 19:58:16,658 [Worker-21: Building] INFO  o.a.m.s.f.DefaultMavenResourcesFiltering - Copying 0 resource from src\main\resources to target\classes
2023-06-30 19:58:16,664 [Worker-21: Building] INFO  o.a.m.s.f.DefaultMavenResourcesFiltering - skip non existing resourceDirectory C:\Users\Fray Luis\Desktop\sts\sts-4.18.1.RELEASE\evf\proyecto\proyecto\src\test\resources
2023-06-30 19:59:40,784 [Worker-17: Building] INFO  o.a.m.s.f.DefaultMavenResourcesFiltering - Copying 1 resource from src\main\resources to target\classes
2023-06-30 19:59:40,796 [Worker-17: Building] INFO  o.a.m.s.f.DefaultMavenResourcesFiltering - Copying 0 resource from src\main\resources to target\classes
2023-06-30 19:59:40,803 [Worker-17: Building] INFO  o.a.m.s.f.DefaultMavenResourcesFiltering - skip non existing resourceDirectory C:\Users\Fray Luis\Desktop\sts\sts-4.18.1.RELEASE\evf\proyecto\proyecto\src\test\resources
2023-06-30 20:00:35,167 [Worker-21: Building] INFO  o.a.m.s.f.DefaultMavenResourcesFiltering - Copying 1 resource from src\main\resources to target\classes
2023-06-30 20:00:35,185 [Worker-21: Building] INFO  o.a.m.s.f.DefaultMavenResourcesFiltering - Copying 0 resource from src\main\resources to target\classes
2023-06-30 20:00:35,192 [Worker-21: Building] INFO  o.a.m.s.f.DefaultMavenResourcesFiltering - skip non existing resourceDirectory C:\Users\Fray Luis\Desktop\sts\sts-4.18.1.RELEASE\evf\proyecto\proyecto\src\test\resources
2023-06-30 20:00:55,663 [Worker-5: Building] INFO  o.a.m.s.f.DefaultMavenResourcesFiltering - Copying 1 resource from src\main\resources to target\classes
2023-06-30 20:00:55,679 [Worker-5: Building] INFO  o.a.m.s.f.DefaultMavenResourcesFiltering - Copying 0 resource from src\main\resources to target\classes
2023-06-30 20:00:55,686 [Worker-5: Building] INFO  o.a.m.s.f.DefaultMavenResourcesFiltering - skip non existing resourceDirectory C:\Users\Fray Luis\Desktop\sts\sts-4.18.1.RELEASE\evf\proyecto\proyecto\src\test\resources
2023-06-30 20:01:48,268 [Worker-22: Building] INFO  o.a.m.s.f.DefaultMavenResourcesFiltering - Copying 1 resource from src\main\resources to target\classes
2023-06-30 20:01:48,284 [Worker-22: Building] INFO  o.a.m.s.f.DefaultMavenResourcesFiltering - Copying 0 resource from src\main\resources to target\classes
2023-06-30 20:01:48,290 [Worker-22: Building] INFO  o.a.m.s.f.DefaultMavenResourcesFiltering - skip non existing resourceDirectory C:\Users\Fray Luis\Desktop\sts\sts-4.18.1.RELEASE\evf\proyecto\proyecto\src\test\resources
2023-06-30 20:02:38,052 [Worker-5: Building] INFO  o.a.m.s.f.DefaultMavenResourcesFiltering - Copying 1 resource from src\main\resources to target\classes
2023-06-30 20:02:38,067 [Worker-5: Building] INFO  o.a.m.s.f.DefaultMavenResourcesFiltering - Copying 0 resource from src\main\resources to target\classes
2023-06-30 20:02:38,073 [Worker-5: Building] INFO  o.a.m.s.f.DefaultMavenResourcesFiltering - skip non existing resourceDirectory C:\Users\Fray Luis\Desktop\sts\sts-4.18.1.RELEASE\evf\proyecto\proyecto\src\test\resources
2023-06-30 20:03:59,873 [Worker-17: Building] INFO  o.a.m.s.f.DefaultMavenResourcesFiltering - Copying 1 resource from src\main\resources to target\classes
2023-06-30 20:03:59,887 [Worker-17: Building] INFO  o.a.m.s.f.DefaultMavenResourcesFiltering - Copying 0 resource from src\main\resources to target\classes
2023-06-30 20:03:59,893 [Worker-17: Building] INFO  o.a.m.s.f.DefaultMavenResourcesFiltering - skip non existing resourceDirectory C:\Users\Fray Luis\Desktop\sts\sts-4.18.1.RELEASE\evf\proyecto\proyecto\src\test\resources
2023-06-30 20:04:21,581 [Worker-5: Building] INFO  o.a.m.s.f.DefaultMavenResourcesFiltering - Copying 1 resource from src\main\resources to target\classes
2023-06-30 20:04:21,593 [Worker-5: Building] INFO  o.a.m.s.f.DefaultMavenResourcesFiltering - Copying 0 resource from src\main\resources to target\classes
2023-06-30 20:04:21,597 [Worker-5: Building] INFO  o.a.m.s.f.DefaultMavenResourcesFiltering - skip non existing resourceDirectory C:\Users\Fray Luis\Desktop\sts\sts-4.18.1.RELEASE\evf\proyecto\proyecto\src\test\resources
2023-06-30 20:04:26,110 [Worker-17: Building] INFO  o.a.m.s.f.DefaultMavenResourcesFiltering - Copying 1 resource from src\main\resources to target\classes
2023-06-30 20:04:26,123 [Worker-17: Building] INFO  o.a.m.s.f.DefaultMavenResourcesFiltering - Copying 0 resource from src\main\resources to target\classes
2023-06-30 20:04:26,129 [Worker-17: Building] INFO  o.a.m.s.f.DefaultMavenResourcesFiltering - skip non existing resourceDirectory C:\Users\Fray Luis\Desktop\sts\sts-4.18.1.RELEASE\evf\proyecto\proyecto\src\test\resources
2023-06-30 20:04:30,535 [Worker-19: Building] INFO  o.a.m.s.f.DefaultMavenResourcesFiltering - Copying 1 resource from src\main\resources to target\classes
2023-06-30 20:04:30,549 [Worker-19: Building] INFO  o.a.m.s.f.DefaultMavenResourcesFiltering - Copying 0 resource from src\main\resources to target\classes
2023-06-30 20:04:30,556 [Worker-19: Building] INFO  o.a.m.s.f.DefaultMavenResourcesFiltering - skip non existing resourceDirectory C:\Users\Fray Luis\Desktop\sts\sts-4.18.1.RELEASE\evf\proyecto\proyecto\src\test\resources
2023-06-30 20:04:57,651 [Worker-22: Building] INFO  o.a.m.s.f.DefaultMavenResourcesFiltering - Copying 1 resource from src\main\resources to target\classes
2023-06-30 20:04:57,665 [Worker-22: Building] INFO  o.a.m.s.f.DefaultMavenResourcesFiltering - Copying 0 resource from src\main\resources to target\classes
2023-06-30 20:04:57,672 [Worker-22: Building] INFO  o.a.m.s.f.DefaultMavenResourcesFiltering - skip non existing resourceDirectory C:\Users\Fray Luis\Desktop\sts\sts-4.18.1.RELEASE\evf\proyecto\proyecto\src\test\resources
2023-06-30 20:06:10,433 [Worker-5: Building] INFO  o.a.m.s.f.DefaultMavenResourcesFiltering - Copying 1 resource from src\main\resources to target\classes
2023-06-30 20:06:10,447 [Worker-5: Building] INFO  o.a.m.s.f.DefaultMavenResourcesFiltering - Copying 0 resource from src\main\resources to target\classes
2023-06-30 20:06:10,454 [Worker-5: Building] INFO  o.a.m.s.f.DefaultMavenResourcesFiltering - skip non existing resourceDirectory C:\Users\Fray Luis\Desktop\sts\sts-4.18.1.RELEASE\evf\proyecto\proyecto\src\test\resources
2023-06-30 20:07:37,994 [Worker-5: Building] INFO  o.a.m.s.f.DefaultMavenResourcesFiltering - Copying 1 resource from src\main\resources to target\classes
2023-06-30 20:07:38,009 [Worker-5: Building] INFO  o.a.m.s.f.DefaultMavenResourcesFiltering - Copying 0 resource from src\main\resources to target\classes
2023-06-30 20:07:38,015 [Worker-5: Building] INFO  o.a.m.s.f.DefaultMavenResourcesFiltering - skip non existing resourceDirectory C:\Users\Fray Luis\Desktop\sts\sts-4.18.1.RELEASE\evf\proyecto\proyecto\src\test\resources
2023-06-30 20:08:41,753 [Worker-5: Building] INFO  o.a.m.s.f.DefaultMavenResourcesFiltering - Copying 1 resource from src\main\resources to target\classes
2023-06-30 20:08:41,777 [Worker-5: Building] INFO  o.a.m.s.f.DefaultMavenResourcesFiltering - Copying 0 resource from src\main\resources to target\classes
2023-06-30 20:08:41,785 [Worker-5: Building] INFO  o.a.m.s.f.DefaultMavenResourcesFiltering - skip non existing resourceDirectory C:\Users\Fray Luis\Desktop\sts\sts-4.18.1.RELEASE\evf\proyecto\proyecto\src\test\resources
2023-06-30 20:09:34,434 [Worker-22: Building] INFO  o.a.m.s.f.DefaultMavenResourcesFiltering - Copying 1 resource from src\main\resources to target\classes
2023-06-30 20:09:34,452 [Worker-22: Building] INFO  o.a.m.s.f.DefaultMavenResourcesFiltering - Copying 0 resource from src\main\resources to target\classes
2023-06-30 20:09:34,461 [Worker-22: Building] INFO  o.a.m.s.f.DefaultMavenResourcesFiltering - skip non existing resourceDirectory C:\Users\Fray Luis\Desktop\sts\sts-4.18.1.RELEASE\evf\proyecto\proyecto\src\test\resources
2023-06-30 20:11:37,096 [Worker-5: Building] INFO  o.a.m.s.f.DefaultMavenResourcesFiltering - Copying 1 resource from src\main\resources to target\classes
2023-06-30 20:11:37,111 [Worker-5: Building] INFO  o.a.m.s.f.DefaultMavenResourcesFiltering - Copying 0 resource from src\main\resources to target\classes
2023-06-30 20:11:37,117 [Worker-5: Building] INFO  o.a.m.s.f.DefaultMavenResourcesFiltering - skip non existing resourceDirectory C:\Users\Fray Luis\Desktop\sts\sts-4.18.1.RELEASE\evf\proyecto\proyecto\src\test\resources
2023-06-30 20:12:09,527 [Worker-22: Building] INFO  o.a.m.s.f.DefaultMavenResourcesFiltering - Copying 1 resource from src\main\resources to target\classes
2023-06-30 20:12:09,543 [Worker-22: Building] INFO  o.a.m.s.f.DefaultMavenResourcesFiltering - Copying 0 resource from src\main\resources to target\classes
2023-06-30 20:12:09,549 [Worker-22: Building] INFO  o.a.m.s.f.DefaultMavenResourcesFiltering - skip non existing resourceDirectory C:\Users\Fray Luis\Desktop\sts\sts-4.18.1.RELEASE\evf\proyecto\proyecto\src\test\resources
2023-06-30 20:14:31,940 [Worker-20: Building] INFO  o.a.m.s.f.DefaultMavenResourcesFiltering - Copying 1 resource from src\main\resources to target\classes
2023-06-30 20:14:31,955 [Worker-20: Building] INFO  o.a.m.s.f.DefaultMavenResourcesFiltering - Copying 0 resource from src\main\resources to target\classes
2023-06-30 20:14:31,960 [Worker-20: Building] INFO  o.a.m.s.f.DefaultMavenResourcesFiltering - skip non existing resourceDirectory C:\Users\Fray Luis\Desktop\sts\sts-4.18.1.RELEASE\evf\proyecto\proyecto\src\test\resources
2023-06-30 20:16:27,790 [Worker-19: Building] INFO  o.a.m.s.f.DefaultMavenResourcesFiltering - Copying 1 resource from src\main\resources to target\classes
2023-06-30 20:16:27,802 [Worker-19: Building] INFO  o.a.m.s.f.DefaultMavenResourcesFiltering - Copying 0 resource from src\main\resources to target\classes
2023-06-30 20:16:27,807 [Worker-19: Building] INFO  o.a.m.s.f.DefaultMavenResourcesFiltering - skip non existing resourceDirectory C:\Users\Fray Luis\Desktop\sts\sts-4.18.1.RELEASE\evf\proyecto\proyecto\src\test\resources
2023-06-30 20:16:33,813 [Worker-5: Building] INFO  o.a.m.s.f.DefaultMavenResourcesFiltering - Copying 1 resource from src\main\resources to target\classes
2023-06-30 20:16:33,827 [Worker-5: Building] INFO  o.a.m.s.f.DefaultMavenResourcesFiltering - Copying 0 resource from src\main\resources to target\classes
2023-06-30 20:16:33,833 [Worker-5: Building] INFO  o.a.m.s.f.DefaultMavenResourcesFiltering - skip non existing resourceDirectory C:\Users\Fray Luis\Desktop\sts\sts-4.18.1.RELEASE\evf\proyecto\proyecto\src\test\resources
2023-06-30 20:16:55,649 [Worker-22: Building] INFO  o.a.m.s.f.DefaultMavenResourcesFiltering - Copying 1 resource from src\main\resources to target\classes
2023-06-30 20:16:55,665 [Worker-22: Building] INFO  o.a.m.s.f.DefaultMavenResourcesFiltering - Copying 0 resource from src\main\resources to target\classes
2023-06-30 20:16:55,671 [Worker-22: Building] INFO  o.a.m.s.f.DefaultMavenResourcesFiltering - skip non existing resourceDirectory C:\Users\Fray Luis\Desktop\sts\sts-4.18.1.RELEASE\evf\proyecto\proyecto\src\test\resources
2023-06-30 20:18:31,407 [Worker-5: Building] INFO  o.a.m.s.f.DefaultMavenResourcesFiltering - Copying 1 resource from src\main\resources to target\classes
2023-06-30 20:18:31,423 [Worker-5: Building] INFO  o.a.m.s.f.DefaultMavenResourcesFiltering - Copying 0 resource from src\main\resources to target\classes
2023-06-30 20:18:31,431 [Worker-5: Building] INFO  o.a.m.s.f.DefaultMavenResourcesFiltering - skip non existing resourceDirectory C:\Users\Fray Luis\Desktop\sts\sts-4.18.1.RELEASE\evf\proyecto\proyecto\src\test\resources
2023-06-30 20:19:41,992 [Worker-17: Building] INFO  o.a.m.s.f.DefaultMavenResourcesFiltering - Copying 1 resource from src\main\resources to target\classes
2023-06-30 20:19:42,006 [Worker-17: Building] INFO  o.a.m.s.f.DefaultMavenResourcesFiltering - Copying 0 resource from src\main\resources to target\classes
2023-06-30 20:19:42,011 [Worker-17: Building] INFO  o.a.m.s.f.DefaultMavenResourcesFiltering - skip non existing resourceDirectory C:\Users\Fray Luis\Desktop\sts\sts-4.18.1.RELEASE\evf\proyecto\proyecto\src\test\resources
2023-06-30 20:19:57,671 [Worker-22: Building] INFO  o.a.m.s.f.DefaultMavenResourcesFiltering - Copying 1 resource from src\main\resources to target\classes
2023-06-30 20:19:57,687 [Worker-22: Building] INFO  o.a.m.s.f.DefaultMavenResourcesFiltering - Copying 0 resource from src\main\resources to target\classes
2023-06-30 20:19:57,694 [Worker-22: Building] INFO  o.a.m.s.f.DefaultMavenResourcesFiltering - skip non existing resourceDirectory C:\Users\Fray Luis\Desktop\sts\sts-4.18.1.RELEASE\evf\proyecto\proyecto\src\test\resources
2023-06-30 20:20:43,212 [Worker-21: Building] INFO  o.a.m.s.f.DefaultMavenResourcesFiltering - Copying 1 resource from src\main\resources to target\classes
2023-06-30 20:20:43,226 [Worker-21: Building] INFO  o.a.m.s.f.DefaultMavenResourcesFiltering - Copying 0 resource from src\main\resources to target\classes
2023-06-30 20:20:43,230 [Worker-21: Building] INFO  o.a.m.s.f.DefaultMavenResourcesFiltering - skip non existing resourceDirectory C:\Users\Fray Luis\Desktop\sts\sts-4.18.1.RELEASE\evf\proyecto\proyecto\src\test\resources
2023-06-30 20:20:58,922 [Worker-20: Building] INFO  o.a.m.s.f.DefaultMavenResourcesFiltering - Copying 1 resource from src\main\resources to target\classes
2023-06-30 20:20:58,996 [Worker-20: Building] INFO  o.a.m.s.f.DefaultMavenResourcesFiltering - Copying 0 resource from src\main\resources to target\classes
2023-06-30 20:20:59,008 [Worker-20: Building] INFO  o.a.m.s.f.DefaultMavenResourcesFiltering - skip non existing resourceDirectory C:\Users\Fray Luis\Desktop\sts\sts-4.18.1.RELEASE\evf\proyecto\proyecto\src\test\resources
2023-06-30 20:21:20,982 [Worker-22: Building] INFO  o.a.m.s.f.DefaultMavenResourcesFiltering - Copying 1 resource from src\main\resources to target\classes
2023-06-30 20:21:20,995 [Worker-22: Building] INFO  o.a.m.s.f.DefaultMavenResourcesFiltering - Copying 0 resource from src\main\resources to target\classes
2023-06-30 20:21:21,002 [Worker-22: Building] INFO  o.a.m.s.f.DefaultMavenResourcesFiltering - skip non existing resourceDirectory C:\Users\Fray Luis\Desktop\sts\sts-4.18.1.RELEASE\evf\proyecto\proyecto\src\test\resources
2023-06-30 20:22:38,069 [Worker-21: Building] INFO  o.a.m.s.f.DefaultMavenResourcesFiltering - Copying 1 resource from src\main\resources to target\classes
2023-06-30 20:22:38,083 [Worker-21: Building] INFO  o.a.m.s.f.DefaultMavenResourcesFiltering - Copying 0 resource from src\main\resources to target\classes
2023-06-30 20:22:38,089 [Worker-21: Building] INFO  o.a.m.s.f.DefaultMavenResourcesFiltering - skip non existing resourceDirectory C:\Users\Fray Luis\Desktop\sts\sts-4.18.1.RELEASE\evf\proyecto\proyecto\src\test\resources
2023-06-30 20:23:27,504 [Worker-20: Building] INFO  o.a.m.s.f.DefaultMavenResourcesFiltering - Copying 1 resource from src\main\resources to target\classes
2023-06-30 20:23:27,518 [Worker-20: Building] INFO  o.a.m.s.f.DefaultMavenResourcesFiltering - Copying 0 resource from src\main\resources to target\classes
2023-06-30 20:23:27,523 [Worker-20: Building] INFO  o.a.m.s.f.DefaultMavenResourcesFiltering - skip non existing resourceDirectory C:\Users\Fray Luis\Desktop\sts\sts-4.18.1.RELEASE\evf\proyecto\proyecto\src\test\resources
2023-06-30 20:25:53,751 [Worker-22: Launching ProyectoApplication] INFO  o.a.m.s.f.DefaultMavenResourcesFiltering - Copying 1 resource from src\main\resources to target\classes
2023-06-30 20:25:53,794 [Worker-22: Launching ProyectoApplication] INFO  o.a.m.s.f.DefaultMavenResourcesFiltering - Copying 0 resource from src\main\resources to target\classes
2023-06-30 20:25:53,800 [Worker-22: Launching ProyectoApplication] INFO  o.a.m.s.f.DefaultMavenResourcesFiltering - skip non existing resourceDirectory C:\Users\Fray Luis\Desktop\sts\sts-4.18.1.RELEASE\evf\proyecto\proyecto\src\test\resources
2023-06-30 23:26:36,750 [Worker-29: Building] INFO  o.a.m.s.f.DefaultMavenResourcesFiltering - Copying 1 resource from src\main\resources to target\classes
2023-06-30 23:26:36,814 [Worker-29: Building] INFO  o.a.m.s.f.DefaultMavenResourcesFiltering - Copying 0 resource from src\main\resources to target\classes
2023-06-30 23:26:36,822 [Worker-29: Building] INFO  o.a.m.s.f.DefaultMavenResourcesFiltering - skip non existing resourceDirectory C:\Users\Fray Luis\Desktop\sts\sts-4.18.1.RELEASE\evf\proyecto\proyecto\src\test\resources
2023-06-30 23:26:41,632 [Stop Help Server] INFO  org.eclipse.jetty.server.Server - Stopped Server@7703a5df{STOPPING}[10.0.13,sto=0]
2023-06-30 23:26:41,661 [Stop Help Server] INFO  o.e.jetty.server.AbstractConnector - Stopped ServerConnector@47918841{HTTP/1.1, (http/1.1)}{127.0.0.1:0}
2023-06-30 23:26:41,701 [Stop Help Server] INFO  o.e.j.server.handler.ContextHandler - Stopped o.e.j.s.ServletContextHandler@b9c9244{/help,null,STOPPED}
2023-07-01 13:26:26,046 [Worker-2: Loading available Gradle versions] INFO  o.e.b.c.i.u.g.PublishedGradleVersions - Gradle version information cache is up-to-date. Trying to read.
2023-07-01 15:00:19,786 [Worker-6: Loading available Gradle versions] INFO  o.e.b.c.i.u.g.PublishedGradleVersions - Gradle version information cache is up-to-date. Trying to read.
2023-07-02 09:54:44,901 [Worker-4: Loading available Gradle versions] INFO  o.e.b.c.i.u.g.PublishedGradleVersions - Gradle version information cache is out-of-date. Trying to update.
2023-07-02 10:19:53,050 [Worker-16: Building] INFO  o.a.m.s.f.DefaultMavenResourcesFiltering - Copying 1 resource from src\main\resources to target\classes
2023-07-02 10:19:53,082 [Worker-16: Building] INFO  o.a.m.s.f.DefaultMavenResourcesFiltering - Copying 0 resource from src\main\resources to target\classes
2023-07-02 10:19:53,090 [Worker-16: Building] INFO  o.a.m.s.f.DefaultMavenResourcesFiltering - skip non existing resourceDirectory C:\Users\Fray Luis\Desktop\sts\sts-4.18.1.RELEASE\evf\proyecto\proyecto\src\test\resources
2023-07-02 10:20:50,962 [Worker-17: Building] INFO  o.a.m.s.f.DefaultMavenResourcesFiltering - Copying 1 resource from src\main\resources to target\classes
2023-07-02 10:20:50,981 [Worker-17: Building] INFO  o.a.m.s.f.DefaultMavenResourcesFiltering - Copying 0 resource from src\main\resources to target\classes
2023-07-02 10:20:50,990 [Worker-17: Building] INFO  o.a.m.s.f.DefaultMavenResourcesFiltering - skip non existing resourceDirectory C:\Users\Fray Luis\Desktop\sts\sts-4.18.1.RELEASE\evf\proyecto\proyecto\src\test\resources
2023-07-02 10:21:29,474 [Worker-16: Building] INFO  o.a.m.s.f.DefaultMavenResourcesFiltering - Copying 1 resource from src\main\resources to target\classes
2023-07-02 10:21:29,493 [Worker-16: Building] INFO  o.a.m.s.f.DefaultMavenResourcesFiltering - Copying 0 resource from src\main\resources to target\classes
2023-07-02 10:21:29,501 [Worker-16: Building] INFO  o.a.m.s.f.DefaultMavenResourcesFiltering - skip non existing resourceDirectory C:\Users\Fray Luis\Desktop\sts\sts-4.18.1.RELEASE\evf\proyecto\proyecto\src\test\resources
2023-07-02 10:21:46,264 [Worker-17: Building] INFO  o.a.m.s.f.DefaultMavenResourcesFiltering - Copying 1 resource from src\main\resources to target\classes
2023-07-02 10:21:46,286 [Worker-17: Building] INFO  o.a.m.s.f.DefaultMavenResourcesFiltering - Copying 0 resource from src\main\resources to target\classes
2023-07-02 10:21:46,296 [Worker-17: Building] INFO  o.a.m.s.f.DefaultMavenResourcesFiltering - skip non existing resourceDirectory C:\Users\Fray Luis\Desktop\sts\sts-4.18.1.RELEASE\evf\proyecto\proyecto\src\test\resources
2023-07-02 10:22:25,111 [Worker-17: Building] INFO  o.a.m.s.f.DefaultMavenResourcesFiltering - Copying 1 resource from src\main\resources to target\classes
2023-07-02 10:22:25,121 [Worker-17: Building] INFO  o.a.m.s.f.DefaultMavenResourcesFiltering - Copying 0 resource from src\main\resources to target\classes
2023-07-02 10:22:25,125 [Worker-17: Building] INFO  o.a.m.s.f.DefaultMavenResourcesFiltering - skip non existing resourceDirectory C:\Users\Fray Luis\Desktop\sts\sts-4.18.1.RELEASE\evf\proyecto\proyecto\src\test\resources
2023-07-02 10:23:29,078 [Start Help Server] INFO  org.eclipse.jetty.server.Server - jetty-10.0.13; built: 2022-12-07T20:13:20.134Z; git: 1c2636ea05c0ca8de1ffd6ca7f3a98ac084c766d; jvm 17.0.7+7
2023-07-02 10:23:29,132 [Start Help Server] INFO  o.e.j.s.s.DefaultSessionIdManager - Session workerName=node0
2023-07-02 10:23:29,192 [Start Help Server] INFO  o.e.j.server.handler.ContextHandler - Started o.e.j.s.ServletContextHandler@1b6306e5{/help,null,AVAILABLE}
2023-07-02 10:23:29,251 [Start Help Server] INFO  o.e.jetty.server.AbstractConnector - Started ServerConnector@4d235b0a{HTTP/1.1, (http/1.1)}{127.0.0.1:56534}
2023-07-02 10:23:29,280 [Start Help Server] INFO  org.eclipse.jetty.server.Server - Started Server@499c8089{STARTING}[10.0.13,sto=0] @1743179ms
2023-07-02 10:23:40,276 [Worker-19: Building] INFO  o.a.m.s.f.DefaultMavenResourcesFiltering - Copying 1 resource from src\main\resources to target\classes
2023-07-02 10:23:40,292 [Worker-19: Building] INFO  o.a.m.s.f.DefaultMavenResourcesFiltering - Copying 0 resource from src\main\resources to target\classes
2023-07-02 10:23:40,299 [Worker-19: Building] INFO  o.a.m.s.f.DefaultMavenResourcesFiltering - skip non existing resourceDirectory C:\Users\Fray Luis\Desktop\sts\sts-4.18.1.RELEASE\evf\proyecto\proyecto\src\test\resources
2023-07-02 10:24:26,439 [Worker-19: Building] INFO  o.a.m.s.f.DefaultMavenResourcesFiltering - Copying 1 resource from src\main\resources to target\classes
2023-07-02 10:24:26,457 [Worker-19: Building] INFO  o.a.m.s.f.DefaultMavenResourcesFiltering - Copying 0 resource from src\main\resources to target\classes
2023-07-02 10:24:26,465 [Worker-19: Building] INFO  o.a.m.s.f.DefaultMavenResourcesFiltering - skip non existing resourceDirectory C:\Users\Fray Luis\Desktop\sts\sts-4.18.1.RELEASE\evf\proyecto\proyecto\src\test\resources
2023-07-02 13:17:55,701 [Stop Help Server] INFO  org.eclipse.jetty.server.Server - Stopped Server@499c8089{STOPPING}[10.0.13,sto=0]
2023-07-02 13:17:55,713 [Stop Help Server] INFO  o.e.jetty.server.AbstractConnector - Stopped ServerConnector@4d235b0a{HTTP/1.1, (http/1.1)}{127.0.0.1:0}
2023-07-02 13:17:55,731 [Stop Help Server] INFO  o.e.j.server.handler.ContextHandler - Stopped o.e.j.s.ServletContextHandler@1b6306e5{/help,null,STOPPED}
2023-07-02 13:18:34,943 [Worker-1: Loading available Gradle versions] INFO  o.e.b.c.i.u.g.PublishedGradleVersions - Gradle version information cache is up-to-date. Trying to read.
2023-07-02 18:03:52,532 [Worker-2: Loading available Gradle versions] INFO  o.e.b.c.i.u.g.PublishedGradleVersions - Gradle version information cache is up-to-date. Trying to read.
2023-07-02 18:16:54,885 [Worker-14: Building] INFO  o.a.m.s.f.DefaultMavenResourcesFiltering - Copying 1 resource from src\main\resources to target\classes
2023-07-02 18:16:54,953 [Worker-14: Building] INFO  o.a.m.s.f.DefaultMavenResourcesFiltering - Copying 0 resource from src\main\resources to target\classes
2023-07-02 18:16:54,960 [Worker-14: Building] INFO  o.a.m.s.f.DefaultMavenResourcesFiltering - skip non existing resourceDirectory C:\Users\Fray Luis\Desktop\sts\sts-4.18.1.RELEASE\evf\proyecto\proyecto\src\test\resources
2023-07-02 18:18:28,998 [Start Help Server] INFO  org.eclipse.jetty.server.Server - jetty-10.0.13; built: 2022-12-07T20:13:20.134Z; git: 1c2636ea05c0ca8de1ffd6ca7f3a98ac084c766d; jvm 17.0.7+7
2023-07-02 18:18:29,049 [Start Help Server] INFO  o.e.j.s.s.DefaultSessionIdManager - Session workerName=node0
2023-07-02 18:18:29,140 [Start Help Server] INFO  o.e.j.server.handler.ContextHandler - Started o.e.j.s.ServletContextHandler@3ad08db9{/help,null,AVAILABLE}
2023-07-02 18:18:29,216 [Start Help Server] INFO  o.e.jetty.server.AbstractConnector - Started ServerConnector@5d285c77{HTTP/1.1, (http/1.1)}{127.0.0.1:64380}
2023-07-02 18:18:29,245 [Start Help Server] INFO  org.eclipse.jetty.server.Server - Started Server@3f9914ba{STARTING}[10.0.13,sto=0] @894468ms
2023-07-02 18:18:54,289 [Stop Help Server] INFO  org.eclipse.jetty.server.Server - Stopped Server@3f9914ba{STOPPING}[10.0.13,sto=0]
2023-07-02 18:18:54,299 [Stop Help Server] INFO  o.e.jetty.server.AbstractConnector - Stopped ServerConnector@5d285c77{HTTP/1.1, (http/1.1)}{127.0.0.1:0}
2023-07-02 18:18:54,321 [Stop Help Server] INFO  o.e.j.server.handler.ContextHandler - Stopped o.e.j.s.ServletContextHandler@3ad08db9{/help,null,STOPPED}
2023-07-02 18:19:19,032 [Worker-7: Loading available Gradle versions] INFO  o.e.b.c.i.u.g.PublishedGradleVersions - Gradle version information cache is up-to-date. Trying to read.
2023-07-02 18:23:30,277 [Worker-6: Building] INFO  o.a.m.s.f.DefaultMavenResourcesFiltering - Copying 1 resource from src\main\resources to target\classes
2023-07-02 18:23:30,317 [Worker-6: Building] INFO  o.a.m.s.f.DefaultMavenResourcesFiltering - Copying 0 resource from src\main\resources to target\classes
2023-07-02 18:23:30,326 [Worker-6: Building] INFO  o.a.m.s.f.DefaultMavenResourcesFiltering - skip non existing resourceDirectory C:\Users\Fray Luis\Desktop\sts\sts-4.18.1.RELEASE\evf\proyecto\proyecto\src\test\resources
2023-07-02 18:23:42,820 [Worker-6: Building] INFO  o.a.m.s.f.DefaultMavenResourcesFiltering - Copying 1 resource from src\main\resources to target\classes
2023-07-02 18:23:42,835 [Worker-6: Building] INFO  o.a.m.s.f.DefaultMavenResourcesFiltering - Copying 0 resource from src\main\resources to target\classes
2023-07-02 18:23:42,843 [Worker-6: Building] INFO  o.a.m.s.f.DefaultMavenResourcesFiltering - skip non existing resourceDirectory C:\Users\Fray Luis\Desktop\sts\sts-4.18.1.RELEASE\evf\proyecto\proyecto\src\test\resources
